0 info it worked if it ends with ok
1 verbose cli [ '/home/erik/.nvm/versions/node/v7.0.0/bin/node',
1 verbose cli   '/home/erik/.nvm/versions/node/v7.0.0/bin/npm',
1 verbose cli   'run',
1 verbose cli   'dev' ]
2 info using npm@3.10.8
3 info using node@v7.0.0
4 verbose stack Error: ENOENT: no such file or directory, open '/mnt/f/Users/ehanchett/vuejs-in-action/code/chapter-11/package.json'
5 verbose cwd /mnt/f/Users/ehanchett/vuejs-in-action/code/chapter-11
6 error Linux 4.4.0-43-Microsoft
7 error argv "/home/erik/.nvm/versions/node/v7.0.0/bin/node" "/home/erik/.nvm/versions/node/v7.0.0/bin/npm" "run" "dev"
8 error node v7.0.0
9 error npm  v3.10.8
10 error path /mnt/f/Users/ehanchett/vuejs-in-action/code/chapter-11/package.json
11 error code ENOENT
12 error errno -2
13 error syscall open
14 error enoent ENOENT: no such file or directory, open '/mnt/f/Users/ehanchett/vuejs-in-action/code/chapter-11/package.json'
15 error enoent ENOENT: no such file or directory, open '/mnt/f/Users/ehanchett/vuejs-in-action/code/chapter-11/package.json'
15 error enoent This is most likely not a problem with npm itself
15 error enoent and is related to npm not being able to find a file.
16 verbose exit [ -2, true ]
